{"name": "test_link_reset", "status": "failed", "statusDetails": {"message": "AssertionError: Wrong result:\nThe message displayed: \"Remove\"\nThe message expected: \"Add to cart\"", "trace": "def test_link_reset():\n        driver = Driver().get_driver()\n    \n        print(\"Start test\")\n    \n        login = LoginPage(driver)\n        login.authorization()\n    \n        main = MainPage(driver)\n        main.select_products(0, 1, 2)\n    \n        menu = Menu(driver)\n>       menu.choose_reset()\n\ntests\\test_menu_links.py:71: \n_ _ _ _ _ _ _ _ _ _ _ _ _ _ _ _ _ _ _ _ _ _ _ _ _ _ _ _ _ _ _ _ _ _ _ _ _ _ _ _ _ _ _ _ _ _ _ _ _ _ _ _ _ _ _ _ _ _ _ _ _ _ _ _ _ _ _ _ _ _ _ _ _ _ _ _ _ _ _ _ _ _ _ _ _ _ _ _ _ _ _ _ _ _ _ _ _ _ _ _ _ _ _ _ _ _ _ _ _ _ _ _ _ _\nbase\\menu_class.py:111: in choose_reset\n    self.assert_text(products[i], 'Add to cart')\n_ _ _ _ _ _ _ _ _ _ _ _ _ _ _ _ _ _ _ _ _ _ _ _ _ _ _ _ _ _ _ _ _ _ _ _ _ _ _ _ _ _ _ _ _ _ _ _ _ _ _ _ _ _ _ _ _ _ _ _ _ _ _ _ _ _ _ _ _ _ _ _ _ _ _ _ _ _ _ _ _ _ _ _ _ _ _ _ _ _ _ _ _ _ _ _ _ _ _ _ _ _ _ _ _ _ _ _ _ _ _ _ _ _\n\nself = <base.menu_class.Menu object at 0x0000022D2281BA50>, text = <selenium.webdriver.remote.webelement.WebElement (session=\"8dcc8524b9d08ff08963d7344590e47d\", element=\"95f32810-e8f0-4d21-be3f-0170390c878b\")>\nresult = 'Add to cart'\n\n    def assert_text(self, text, result):\n        with allure.step(\"Assert actual text with the expected text result\"):\n            Logger.add_start_step(method='assert_text')\n            value_text = text.text\n>           assert value_text == result, \\\n                f'Wrong result:' \\\n                f'\\nThe message displayed: \"{value_text}\"' \\\n                f'\\nThe message expected: \"{result}\"'\nE           AssertionError: Wrong result:\nE           The message displayed: \"Remove\"\nE           The message expected: \"Add to cart\"\n\nbase\\base_class.py:85: AssertionError"}, "steps": [{"name": "Authorization", "status": "passed", "steps": [{"name": "Open test url and maximize window", "status": "passed", "steps": [{"name": "Get current URL and return it", "status": "passed", "start": 1680177162345, "stop": 1680177162347}, {"name": "Get current URL and return it", "status": "passed", "start": 1680177162347, "stop": 1680177162349}], "start": 1680177160865, "stop": 1680177162350}, {"name": "Get page tite and return it", "status": "passed", "steps": [{"name": "Get current URL and return it", "status": "passed", "start": 1680177162566, "stop": 1680177162568}], "start": 1680177162539, "stop": 1680177162570}, {"name": "Assert actual text with the expected text result", "status": "passed", "steps": [{"name": "Get current URL and return it", "status": "passed", "start": 1680177162576, "stop": 1680177162578}], "start": 1680177162570, "stop": 1680177162579}, {"name": "Get current URL and return it", "status": "passed", "start": 1680177162579, "stop": 1680177162581}], "start": 1680177160865, "stop": 1680177162582}, {"name": "Select several products N [0, 1, 2] and check cart badge value displayed", "status": "passed", "steps": [{"name": "Check if an element exists / could be found on the page", "status": "passed", "steps": [{"name": "Get current URL and return it", "status": "passed", "start": 1680177162681, "stop": 1680177162683}], "start": 1680177162667, "stop": 1680177162684}, {"name": "Assert actual text with the expected text result", "status": "passed", "steps": [{"name": "Get current URL and return it", "status": "passed", "start": 1680177162706, "stop": 1680177162708}], "start": 1680177162697, "stop": 1680177162709}, {"name": "Get current URL and return it", "status": "passed", "start": 1680177162709, "stop": 1680177162711}], "start": 1680177162582, "stop": 1680177162712}, {"name": "Choose 'Reset App State' menu point and check the state of the page", "status": "failed", "statusDetails": {"message": "AssertionError: Wrong result:\nThe message displayed: \"Remove\"\nThe message expected: \"Add to cart\"\n", "trace": "  File \"C:\\Users\\Ilona\\Documents\\main_project\\base\\menu_class.py\", line 111, in choose_reset\n    self.assert_text(products[i], 'Add to cart')\n  File \"C:\\Users\\Ilona\\Documents\\main_project\\base\\base_class.py\", line 85, in assert_text\n    assert value_text == result, \\\n           ^^^^^^^^^^^^^^^^^^^^\n"}, "steps": [{"name": "Check if an element exists / could be found on the page", "status": "passed", "start": 1680177163296, "stop": 1680177193646}, {"name": "Assert actual text with the expected text result", "status": "failed", "statusDetails": {"message": "AssertionError: Wrong result:\nThe message displayed: \"Remove\"\nThe message expected: \"Add to cart\"\n", "trace": "  File \"C:\\Users\\Ilona\\Documents\\main_project\\base\\base_class.py\", line 85, in assert_text\n    assert value_text == result, \\\n           ^^^^^^^^^^^^^^^^^^^^\n"}, "start": 1680177193652, "stop": 1680177193662}], "start": 1680177162712, "stop": 1680177193663}], "attachments": [{"name": "stdout", "source": "e85554ef-3754-4418-9874-2f91413b841e-attachment.txt", "type": "text/plain"}], "start": 1680177159817, "stop": 1680177193663, "uuid": "29e517e7-5208-475a-a9a3-0fc8c32c114f", "historyId": "7e3879dbf2276b3aef36aa136e3f6d35", "testCaseId": "81404e94b690ca06e89b65158a780583", "fullName": "tests.test_menu_links#test_link_reset", "labels": [{"name": "parentSuite", "value": "tests"}, {"name": "suite", "value": "test_menu_links"}, {"name": "host", "value": "DESKTOP-UVDM90M"}, {"name": "thread", "value": "5656-MainThread"}, {"name": "framework", "value": "pytest"}, {"name": "language", "value": "cpython3"}, {"name": "package", "value": "tests.test_menu_links"}]}