{"name": "test_link_reset", "status": "failed", "statusDetails": {"message": "AssertionError: Wrong result:\nThe message displayed: \"Remove\"\nThe message expected: \"Add to cart\"", "trace": "def test_link_reset():\n        driver = Driver().get_driver()\n    \n        print(\"Start test\")\n    \n        login = LoginPage(driver)\n        login.authorization()\n    \n        main = MainPage(driver)\n        main.select_products(0, 1, 2)\n    \n        menu = Menu(driver)\n>       menu.choose_reset()\n\ntests\\test_menu_links.py:71: \n_ _ _ _ _ _ _ _ _ _ _ _ _ _ _ _ _ _ _ _ _ _ _ _ _ _ _ _ _ _ _ _ _ _ _ _ _ _ _ _ _ _ _ _ _ _ _ _ _ _ _ _ _ _ _ _ _ _ _ _ _ _ _ _ _ _ _ _ _ _ _ _ _ _ _ _ _ _ _ _ _ _ _ _ _ _ _ _ _ _ _ _ _ _ _ _ _ _ _ _ _ _ _ _ _ _ _ _ _ _ _ _ _ _\nbase\\menu_class.py:111: in choose_reset\n    self.assert_text(products[i], 'Add to cart')\n_ _ _ _ _ _ _ _ _ _ _ _ _ _ _ _ _ _ _ _ _ _ _ _ _ _ _ _ _ _ _ _ _ _ _ _ _ _ _ _ _ _ _ _ _ _ _ _ _ _ _ _ _ _ _ _ _ _ _ _ _ _ _ _ _ _ _ _ _ _ _ _ _ _ _ _ _ _ _ _ _ _ _ _ _ _ _ _ _ _ _ _ _ _ _ _ _ _ _ _ _ _ _ _ _ _ _ _ _ _ _ _ _ _\n\nself = <base.menu_class.Menu object at 0x00000244671A7E10>, text = <selenium.webdriver.remote.webelement.WebElement (session=\"aae0498d3bde8fe960a76f99c6c9c551\", element=\"a808710c-9723-4579-bead-b70de55f91bf\")>\nresult = 'Add to cart'\n\n    def assert_text(self, text, result):\n        with allure.step(\"Assert actual text with the expected text result\"):\n            Logger.add_start_step(method='assert_text')\n            value_text = text.text\n>           assert value_text == result, \\\n                f'Wrong result:' \\\n                f'\\nThe message displayed: \"{value_text}\"' \\\n                f'\\nThe message expected: \"{result}\"'\nE           AssertionError: Wrong result:\nE           The message displayed: \"Remove\"\nE           The message expected: \"Add to cart\"\n\nbase\\base_class.py:85: AssertionError"}, "steps": [{"name": "Authorization", "status": "passed", "steps": [{"name": "Open test url and maximize window", "status": "passed", "steps": [{"name": "Get current URL and return it", "status": "passed", "start": 1680176043275, "stop": 1680176043277}, {"name": "Get current URL and return it", "status": "passed", "start": 1680176043277, "stop": 1680176043279}], "start": 1680176041714, "stop": 1680176043280}, {"name": "Get page tite and return it", "status": "passed", "steps": [{"name": "Get current URL and return it", "status": "passed", "start": 1680176043490, "stop": 1680176043495}], "start": 1680176043465, "stop": 1680176043496}, {"name": "Assert actual text with the expected text result", "status": "passed", "steps": [{"name": "Get current URL and return it", "status": "passed", "start": 1680176043503, "stop": 1680176043506}], "start": 1680176043496, "stop": 1680176043507}, {"name": "Get current URL and return it", "status": "passed", "start": 1680176043507, "stop": 1680176043509}], "start": 1680176041713, "stop": 1680176043510}, {"name": "Select several products N [0, 1, 2] and check cart badge value displayed", "status": "passed", "steps": [{"name": "Check if an element exists / could be found on the page", "status": "passed", "steps": [{"name": "Get current URL and return it", "status": "passed", "start": 1680176043610, "stop": 1680176043612}], "start": 1680176043595, "stop": 1680176043613}, {"name": "Assert actual text with the expected text result", "status": "passed", "steps": [{"name": "Get current URL and return it", "status": "passed", "start": 1680176043635, "stop": 1680176043637}], "start": 1680176043626, "stop": 1680176043638}, {"name": "Get current URL and return it", "status": "passed", "start": 1680176043638, "stop": 1680176043640}], "start": 1680176043510, "stop": 1680176043641}, {"name": "Choose 'Reset App State' menu point and check the state of the page", "status": "failed", "statusDetails": {"message": "AssertionError: Wrong result:\nThe message displayed: \"Remove\"\nThe message expected: \"Add to cart\"\n", "trace": "  File \"C:\\Users\\Ilona\\Documents\\main_project\\base\\menu_class.py\", line 111, in choose_reset\n    self.assert_text(products[i], 'Add to cart')\n  File \"C:\\Users\\Ilona\\Documents\\main_project\\base\\base_class.py\", line 85, in assert_text\n    assert value_text == result, \\\n           ^^^^^^^^^^^^^^^^^^^^\n"}, "steps": [{"name": "Check if an element exists / could be found on the page", "status": "passed", "start": 1680176044227, "stop": 1680176074583}, {"name": "Assert actual text with the expected text result", "status": "failed", "statusDetails": {"message": "AssertionError: Wrong result:\nThe message displayed: \"Remove\"\nThe message expected: \"Add to cart\"\n", "trace": "  File \"C:\\Users\\Ilona\\Documents\\main_project\\base\\base_class.py\", line 85, in assert_text\n    assert value_text == result, \\\n           ^^^^^^^^^^^^^^^^^^^^\n"}, "start": 1680176074588, "stop": 1680176074598}], "start": 1680176043641, "stop": 1680176074599}], "attachments": [{"name": "Screenshot", "source": "f4bf4739-2c1f-4699-b5c3-038ce6f4cc34-attachment.png", "type": "image/png"}, {"name": "stdout", "source": "66aa3da2-a830-4476-9562-15e4af8cf276-attachment.txt", "type": "text/plain"}], "start": 1680176040664, "stop": 1680176074600, "uuid": "48c9198a-32f3-43cf-8116-4ae157ed4746", "historyId": "7e3879dbf2276b3aef36aa136e3f6d35", "testCaseId": "81404e94b690ca06e89b65158a780583", "fullName": "tests.test_menu_links#test_link_reset", "labels": [{"name": "parentSuite", "value": "tests"}, {"name": "suite", "value": "test_menu_links"}, {"name": "host", "value": "DESKTOP-UVDM90M"}, {"name": "thread", "value": "11280-MainThread"}, {"name": "framework", "value": "pytest"}, {"name": "language", "value": "cpython3"}, {"name": "package", "value": "tests.test_menu_links"}]}