{"name": "test_link_reset", "status": "failed", "statusDetails": {"message": "AssertionError: Wrong result:\nThe message displayed: \"Remove\"\nThe message expected: \"Add to cart\"", "trace": "screen = None\n\n    def test_link_reset(screen):\n        driver = Driver().get_driver()\n    \n        print(\"Start test\")\n    \n        login = LoginPage(driver)\n        login.authorization()\n    \n        main = MainPage(driver)\n        main.select_products(0, 1, 2)\n    \n        menu = Menu(driver)\n>       menu.choose_reset()\n\ntests\\test_menu_links.py:70: \n_ _ _ _ _ _ _ _ _ _ _ _ _ _ _ _ _ _ _ _ _ _ _ _ _ _ _ _ _ _ _ _ _ _ _ _ _ _ _ _ _ _ _ _ _ _ _ _ _ _ _ _ _ _ _ _ _ _ _ _ _ _ _ _ _ _ _ _ _ _ _ _ _ _ _ _ _ _ _ _ _ _ _ _ _ _ _ _ _ _ _ _ _ _ _ _ _ _ _ _ _ _ _ _ _ _ _ _ _ _ _ _ _ _\nbase\\menu_class.py:110: in choose_reset\n    self.assert_text(products[i], 'Add to cart')\n_ _ _ _ _ _ _ _ _ _ _ _ _ _ _ _ _ _ _ _ _ _ _ _ _ _ _ _ _ _ _ _ _ _ _ _ _ _ _ _ _ _ _ _ _ _ _ _ _ _ _ _ _ _ _ _ _ _ _ _ _ _ _ _ _ _ _ _ _ _ _ _ _ _ _ _ _ _ _ _ _ _ _ _ _ _ _ _ _ _ _ _ _ _ _ _ _ _ _ _ _ _ _ _ _ _ _ _ _ _ _ _ _ _\n\nself = <base.menu_class.Menu object at 0x00000250E40E3F10>, text = <selenium.webdriver.remote.webelement.WebElement (session=\"7a2b29040145770b50c5472dfb89237f\", element=\"1fbb0316-936a-4148-b57a-1b3cfccc408b\")>\nresult = 'Add to cart'\n\n    def assert_text(self, text, result):\n        with allure.step(\"Assert actual text with the expected text result\"):\n            Logger.add_start_step(method='assert_text')\n            value_text = text.text\n>           assert value_text == result, \\\n                f'Wrong result:' \\\n                f'\\nThe message displayed: \"{value_text}\"' \\\n                f'\\nThe message expected: \"{result}\"'\nE           AssertionError: Wrong result:\nE           The message displayed: \"Remove\"\nE           The message expected: \"Add to cart\"\n\nbase\\base_class.py:85: AssertionError"}, "steps": [{"name": "Authorization", "status": "passed", "steps": [{"name": "Open test url and maximize window", "status": "passed", "steps": [{"name": "Get current URL and return it", "status": "passed", "start": 1680111315621, "stop": 1680111315625}, {"name": "Get current URL and return it", "status": "passed", "start": 1680111315625, "stop": 1680111315628}], "start": 1680111314116, "stop": 1680111315629}, {"name": "Get page tite and return it", "status": "passed", "steps": [{"name": "Get current URL and return it", "status": "passed", "start": 1680111315833, "stop": 1680111315837}], "start": 1680111315807, "stop": 1680111315838}, {"name": "Assert actual text with the expected text result", "status": "passed", "steps": [{"name": "Get current URL and return it", "status": "passed", "start": 1680111315844, "stop": 1680111315846}], "start": 1680111315838, "stop": 1680111315847}, {"name": "Get current URL and return it", "status": "passed", "start": 1680111315847, "stop": 1680111315850}], "start": 1680111314115, "stop": 1680111315850}, {"name": "Select several products N [0, 1, 2] and check cart badge value displayed", "status": "passed", "steps": [{"name": "Check if an element exists / could be found on the page", "status": "passed", "steps": [{"name": "Get current URL and return it", "status": "passed", "start": 1680111315947, "stop": 1680111315949}], "start": 1680111315933, "stop": 1680111315950}, {"name": "Assert actual text with the expected text result", "status": "passed", "steps": [{"name": "Get current URL and return it", "status": "passed", "start": 1680111315970, "stop": 1680111315973}], "start": 1680111315962, "stop": 1680111315974}, {"name": "Get current URL and return it", "status": "passed", "start": 1680111315974, "stop": 1680111315975}], "start": 1680111315850, "stop": 1680111315976}, {"name": "Choose 'Reset App State' menu point and check the state of the page", "status": "failed", "statusDetails": {"message": "AssertionError: Wrong result:\nThe message displayed: \"Remove\"\nThe message expected: \"Add to cart\"\n", "trace": "  File \"C:\\Users\\Ilona\\Documents\\main_project\\base\\menu_class.py\", line 110, in choose_reset\n    self.assert_text(products[i], 'Add to cart')\n  File \"C:\\Users\\Ilona\\Documents\\main_project\\base\\base_class.py\", line 85, in assert_text\n    assert value_text == result, \\\n           ^^^^^^^^^^^^^^^^^^^^\n"}, "steps": [{"name": "Make screenshot", "status": "passed", "steps": [{"name": "Get current URL and return it", "status": "passed", "start": 1680111318819, "stop": 1680111318821}], "start": 1680111316560, "stop": 1680111318823}, {"name": "Check if an element exists / could be found on the page", "status": "passed", "start": 1680111318823, "stop": 1680111349200}, {"name": "Assert actual text with the expected text result", "status": "failed", "statusDetails": {"message": "AssertionError: Wrong result:\nThe message displayed: \"Remove\"\nThe message expected: \"Add to cart\"\n", "trace": "  File \"C:\\Users\\Ilona\\Documents\\main_project\\base\\base_class.py\", line 85, in assert_text\n    assert value_text == result, \\\n           ^^^^^^^^^^^^^^^^^^^^\n"}, "start": 1680111349205, "stop": 1680111349215}], "start": 1680111315976, "stop": 1680111349215}], "attachments": [{"name": "stdout", "source": "a30d3540-bf51-4ed2-b45e-e21c1eede7d5-attachment.txt", "type": "text/plain"}], "start": 1680111313065, "stop": 1680111349216, "uuid": "88106856-3005-4e57-bafd-88d22f78ae42", "historyId": "7e3879dbf2276b3aef36aa136e3f6d35", "testCaseId": "81404e94b690ca06e89b65158a780583", "fullName": "tests.test_menu_links#test_link_reset", "labels": [{"name": "parentSuite", "value": "tests"}, {"name": "suite", "value": "test_menu_links"}, {"name": "host", "value": "DESKTOP-UVDM90M"}, {"name": "thread", "value": "7716-MainThread"}, {"name": "framework", "value": "pytest"}, {"name": "language", "value": "cpython3"}, {"name": "package", "value": "tests.test_menu_links"}]}