{"name": "test_link_reset", "status": "failed", "statusDetails": {"message": "AssertionError: Wrong result:\nThe message displayed: \"Remove\"\nThe message expected: \"Add to cart\"", "trace": "def test_link_reset():\n        driver = Driver().get_driver()\n    \n        print(\"Start test\")\n    \n        login = LoginPage(driver)\n        login.authorization()\n    \n        main = MainPage(driver)\n        main.select_products(0, 1, 2)\n    \n        menu = Menu(driver)\n>       menu.choose_reset()\n\ntests\\test_menu_links.py:70: \n_ _ _ _ _ _ _ _ _ _ _ _ _ _ _ _ _ _ _ _ _ _ _ _ _ _ _ _ _ _ _ _ _ _ _ _ _ _ _ _ _ _ _ _ _ _ _ _ _ _ _ _ _ _ _ _ _ _ _ _ _ _ _ _ _ _ _ _ _ _ _ _ _ _ _ _ _ _ _ _ _ _ _ _ _ _ _ _ _ _ _ _ _ _ _ _ _ _ _ _ _ _ _ _ _ _ _ _ _ _ _ _ _ _\nbase\\menu_class.py:110: in choose_reset\n    self.assert_text(products[i], 'Add to cart')\n_ _ _ _ _ _ _ _ _ _ _ _ _ _ _ _ _ _ _ _ _ _ _ _ _ _ _ _ _ _ _ _ _ _ _ _ _ _ _ _ _ _ _ _ _ _ _ _ _ _ _ _ _ _ _ _ _ _ _ _ _ _ _ _ _ _ _ _ _ _ _ _ _ _ _ _ _ _ _ _ _ _ _ _ _ _ _ _ _ _ _ _ _ _ _ _ _ _ _ _ _ _ _ _ _ _ _ _ _ _ _ _ _ _\n\nself = <base.menu_class.Menu object at 0x0000021F8D147490>, text = <selenium.webdriver.remote.webelement.WebElement (session=\"0fb746188048bdb571485fd53fdc98a5\", element=\"6d2b1c57-60dd-406b-85b0-fa4d74ed496b\")>\nresult = 'Add to cart'\n\n    def assert_text(self, text, result):\n        with allure.step(\"Assert actual text with the expected text result\"):\n            Logger.add_start_step(method='assert_text')\n            value_text = text.text\n>           assert value_text == result, \\\n                f'Wrong result:' \\\n                f'\\nThe message displayed: \"{value_text}\"' \\\n                f'\\nThe message expected: \"{result}\"'\nE           AssertionError: Wrong result:\nE           The message displayed: \"Remove\"\nE           The message expected: \"Add to cart\"\n\nbase\\base_class.py:85: AssertionError"}, "steps": [{"name": "Authorization", "status": "passed", "steps": [{"name": "Open test url and maximize window", "status": "passed", "steps": [{"name": "Get current URL and return it", "status": "passed", "start": 1680109998827, "stop": 1680109998829}, {"name": "Get current URL and return it", "status": "passed", "start": 1680109998829, "stop": 1680109998831}], "start": 1680109997202, "stop": 1680109998832}, {"name": "Get page tite and return it", "status": "passed", "steps": [{"name": "Get current URL and return it", "status": "passed", "start": 1680109999055, "stop": 1680109999059}], "start": 1680109999021, "stop": 1680109999060}, {"name": "Assert actual text with the expected text result", "status": "passed", "steps": [{"name": "Get current URL and return it", "status": "passed", "start": 1680109999070, "stop": 1680109999073}], "start": 1680109999060, "stop": 1680109999074}, {"name": "Get current URL and return it", "status": "passed", "start": 1680109999074, "stop": 1680109999076}], "start": 1680109997201, "stop": 1680109999077}, {"name": "Select several products N [0, 1, 2] and check cart badge value displayed", "status": "passed", "steps": [{"name": "Check if an element exists / could be found on the page", "status": "passed", "steps": [{"name": "Get current URL and return it", "status": "passed", "start": 1680109999188, "stop": 1680109999190}], "start": 1680109999169, "stop": 1680109999191}, {"name": "Assert actual text with the expected text result", "status": "passed", "steps": [{"name": "Get current URL and return it", "status": "passed", "start": 1680109999220, "stop": 1680109999222}], "start": 1680109999209, "stop": 1680109999223}, {"name": "Get current URL and return it", "status": "passed", "start": 1680109999223, "stop": 1680109999226}], "start": 1680109999077, "stop": 1680109999226}, {"name": "Choose 'Reset App State' menu point and check the state of the page", "status": "failed", "statusDetails": {"message": "AssertionError: Wrong result:\nThe message displayed: \"Remove\"\nThe message expected: \"Add to cart\"\n", "trace": "  File \"C:\\Users\\Ilona\\Documents\\main_project\\base\\menu_class.py\", line 110, in choose_reset\n    self.assert_text(products[i], 'Add to cart')\n  File \"C:\\Users\\Ilona\\Documents\\main_project\\base\\base_class.py\", line 85, in assert_text\n    assert value_text == result, \\\n           ^^^^^^^^^^^^^^^^^^^^\n"}, "steps": [{"name": "Make screenshot", "status": "passed", "steps": [{"name": "Get current URL and return it", "status": "passed", "start": 1680110002165, "stop": 1680110002167}], "start": 1680109999827, "stop": 1680110002168}, {"name": "Check if an element exists / could be found on the page", "status": "passed", "start": 1680110002168, "stop": 1680110032520}, {"name": "Assert actual text with the expected text result", "status": "failed", "statusDetails": {"message": "AssertionError: Wrong result:\nThe message displayed: \"Remove\"\nThe message expected: \"Add to cart\"\n", "trace": "  File \"C:\\Users\\Ilona\\Documents\\main_project\\base\\base_class.py\", line 85, in assert_text\n    assert value_text == result, \\\n           ^^^^^^^^^^^^^^^^^^^^\n"}, "start": 1680110032524, "stop": 1680110032535}], "start": 1680109999226, "stop": 1680110032536}], "attachments": [{"name": "stdout", "source": "f6921cbd-cf1b-4319-af3a-04d64c44d834-attachment.txt", "type": "text/plain"}], "start": 1680109996154, "stop": 1680110032536, "uuid": "4b304403-256c-4d1e-8640-e77a04fff9ae", "historyId": "7e3879dbf2276b3aef36aa136e3f6d35", "testCaseId": "81404e94b690ca06e89b65158a780583", "fullName": "tests.test_menu_links#test_link_reset", "labels": [{"name": "parentSuite", "value": "tests"}, {"name": "suite", "value": "test_menu_links"}, {"name": "host", "value": "DESKTOP-UVDM90M"}, {"name": "thread", "value": "20544-MainThread"}, {"name": "framework", "value": "pytest"}, {"name": "language", "value": "cpython3"}, {"name": "package", "value": "tests.test_menu_links"}]}