{"name": "test_link_reset", "status": "failed", "statusDetails": {"message": "AssertionError: Wrong result:\nThe message displayed: \"Remove\"\nThe message expected: \"Add to cart\"", "trace": "def test_link_reset():\n        driver = Driver().get_driver()\n    \n        print(\"Start test\")\n    \n        login = LoginPage(driver)\n        login.authorization()\n    \n        main = MainPage(driver)\n        main.select_products(0, 1, 2)\n    \n        menu = Menu(driver)\n>       menu.choose_reset()\n\ntests\\test_menu_links.py:71: \n_ _ _ _ _ _ _ _ _ _ _ _ _ _ _ _ _ _ _ _ _ _ _ _ _ _ _ _ _ _ _ _ _ _ _ _ _ _ _ _ _ _ _ _ _ _ _ _ _ _ _ _ _ _ _ _ _ _ _ _ _ _ _ _ _ _ _ _ _ _ _ _ _ _ _ _ _ _ _ _ _ _ _ _ _ _ _ _ _ _ _ _ _ _ _ _ _ _ _ _ _ _ _ _ _ _ _ _ _ _ _ _ _ _\nbase\\menu_class.py:112: in choose_reset\n    self.assert_text(products[i], 'Add to cart')\n_ _ _ _ _ _ _ _ _ _ _ _ _ _ _ _ _ _ _ _ _ _ _ _ _ _ _ _ _ _ _ _ _ _ _ _ _ _ _ _ _ _ _ _ _ _ _ _ _ _ _ _ _ _ _ _ _ _ _ _ _ _ _ _ _ _ _ _ _ _ _ _ _ _ _ _ _ _ _ _ _ _ _ _ _ _ _ _ _ _ _ _ _ _ _ _ _ _ _ _ _ _ _ _ _ _ _ _ _ _ _ _ _ _\n\nself = <base.menu_class.Menu object at 0x00000206B405B550>, text = <selenium.webdriver.remote.webelement.WebElement (session=\"f785919e05cf7ca8634848fab8ea5723\", element=\"5e5866e3-4aa4-4ba6-b2c3-82fa90c3ce20\")>\nresult = 'Add to cart'\n\n    def assert_text(self, text, result):\n        with allure.step(\"Assert actual text with the expected text result\"):\n            Logger.add_start_step(method='assert_text')\n            value_text = text.text\n>           assert value_text == result, \\\n                f'Wrong result:' \\\n                f'\\nThe message displayed: \"{value_text}\"' \\\n                f'\\nThe message expected: \"{result}\"'\nE           AssertionError: Wrong result:\nE           The message displayed: \"Remove\"\nE           The message expected: \"Add to cart\"\n\nbase\\base_class.py:85: AssertionError"}, "steps": [{"name": "Authorization", "status": "passed", "steps": [{"name": "Open test url and maximize window", "status": "passed", "steps": [{"name": "Get current URL and return it", "status": "passed", "start": 1680262850784, "stop": 1680262850786}, {"name": "Get current URL and return it", "status": "passed", "start": 1680262850786, "stop": 1680262850789}], "start": 1680262849053, "stop": 1680262850789}, {"name": "Get page tite and return it", "status": "passed", "steps": [{"name": "Get current URL and return it", "status": "passed", "start": 1680262850999, "stop": 1680262851003}], "start": 1680262850971, "stop": 1680262851003}, {"name": "Assert actual text with the expected text result", "status": "passed", "steps": [{"name": "Get current URL and return it", "status": "passed", "start": 1680262851011, "stop": 1680262851014}], "start": 1680262851004, "stop": 1680262851015}, {"name": "Get current URL and return it", "status": "passed", "start": 1680262851015, "stop": 1680262851017}], "start": 1680262849052, "stop": 1680262851017}, {"name": "Select several products N [0, 1, 2] and check cart badge value displayed", "status": "passed", "steps": [{"name": "Check if an element exists / could be found on the page", "status": "passed", "steps": [{"name": "Get current URL and return it", "status": "passed", "start": 1680262851115, "stop": 1680262851117}], "start": 1680262851100, "stop": 1680262851118}, {"name": "Assert actual text with the expected text result", "status": "passed", "steps": [{"name": "Get current URL and return it", "status": "passed", "start": 1680262851140, "stop": 1680262851142}], "start": 1680262851130, "stop": 1680262851143}, {"name": "Get current URL and return it", "status": "passed", "start": 1680262851143, "stop": 1680262851145}], "start": 1680262851017, "stop": 1680262851146}, {"name": "Choose 'Reset App State' menu point and check the state of the page", "status": "failed", "statusDetails": {"message": "AssertionError: Wrong result:\nThe message displayed: \"Remove\"\nThe message expected: \"Add to cart\"\n", "trace": "  File \"C:\\Users\\Ilona\\Documents\\main_project\\base\\menu_class.py\", line 112, in choose_reset\n    self.assert_text(products[i], 'Add to cart')\n  File \"C:\\Users\\Ilona\\Documents\\main_project\\base\\base_class.py\", line 85, in assert_text\n    assert value_text == result, \\\n           ^^^^^^^^^^^^^^^^^^^^\n"}, "steps": [{"name": "Check if an element exists / could be found on the page", "status": "passed", "start": 1680262851732, "stop": 1680262882072}, {"name": "Assert actual text with the expected text result", "status": "failed", "statusDetails": {"message": "AssertionError: Wrong result:\nThe message displayed: \"Remove\"\nThe message expected: \"Add to cart\"\n", "trace": "  File \"C:\\Users\\Ilona\\Documents\\main_project\\base\\base_class.py\", line 85, in assert_text\n    assert value_text == result, \\\n           ^^^^^^^^^^^^^^^^^^^^\n"}, "start": 1680262882076, "stop": 1680262882086}], "start": 1680262851146, "stop": 1680262882087}], "start": 1680262847950, "stop": 1680262882088, "uuid": "03c60c66-393a-4c73-a631-0255424d9d33", "historyId": "7e3879dbf2276b3aef36aa136e3f6d35", "testCaseId": "81404e94b690ca06e89b65158a780583", "fullName": "tests.test_menu_links#test_link_reset"}